<?xml version="1.0" encoding="UTF-8"?>
<testsuite xmlns:xsi="http://www.w3.org/2001/XMLSchema-instance" xsi:noNamespaceSchemaLocation="https://maven.apache.org/surefire/maven-surefire-plugin/xsd/surefire-test-report-3.0.xsd" version="3.0" name="praktikum.DatabaseTests" time="0.0" tests="2" errors="0" skipped="0" failures="0">
  <properties>
    <property name="java.specification.version" value="21"/>
    <property name="sun.jnu.encoding" value="UTF-8"/>
    <property name="java.class.path" value="/Users/uljana/Desktop/Diplom_Irina_Popkova_39/Diplom_1/target/test-classes:/Users/uljana/Desktop/Diplom_Irina_Popkova_39/Diplom_1/target/classes:/Users/uljana/.m2/repository/junit/junit/4.11/junit-4.11.jar:/Users/uljana/.m2/repository/org/hamcrest/hamcrest-core/1.3/hamcrest-core-1.3.jar:/Users/uljana/.m2/repository/org/mockito/mockito-core/2.23.4/mockito-core-2.23.4.jar:/Users/uljana/.m2/repository/net/bytebuddy/byte-buddy/1.9.3/byte-buddy-1.9.3.jar:/Users/uljana/.m2/repository/net/bytebuddy/byte-buddy-agent/1.9.3/byte-buddy-agent-1.9.3.jar:/Users/uljana/.m2/repository/org/objenesis/objenesis/2.6/objenesis-2.6.jar:"/>
    <property name="java.vm.vendor" value="Amazon.com Inc."/>
    <property name="sun.arch.data.model" value="64"/>
    <property name="java.vendor.url" value="https://aws.amazon.com/corretto/"/>
    <property name="os.name" value="Mac OS X"/>
    <property name="java.vm.specification.version" value="21"/>
    <property name="sun.java.launcher" value="SUN_STANDARD"/>
    <property name="user.country" value="RS"/>
    <property name="sun.boot.library.path" value="/Users/uljana/Library/Java/JavaVirtualMachines/corretto-21.0.4/Contents/Home/lib"/>
    <property name="sun.java.command" value="/Users/uljana/Desktop/Diplom_Irina_Popkova_39/Diplom_1/target/surefire/surefirebooter-20241120171626946_3.jar /Users/uljana/Desktop/Diplom_Irina_Popkova_39/Diplom_1/target/surefire 2024-11-20T17-16-26_903-jvmRun1 surefire-20241120171626946_1tmp surefire_0-20241120171626946_2tmp"/>
    <property name="http.nonProxyHosts" value="local|*.local|169.254/16|*.169.254/16"/>
    <property name="jdk.debug" value="release"/>
    <property name="surefire.test.class.path" value="/Users/uljana/Desktop/Diplom_Irina_Popkova_39/Diplom_1/target/test-classes:/Users/uljana/Desktop/Diplom_Irina_Popkova_39/Diplom_1/target/classes:/Users/uljana/.m2/repository/junit/junit/4.11/junit-4.11.jar:/Users/uljana/.m2/repository/org/hamcrest/hamcrest-core/1.3/hamcrest-core-1.3.jar:/Users/uljana/.m2/repository/org/mockito/mockito-core/2.23.4/mockito-core-2.23.4.jar:/Users/uljana/.m2/repository/net/bytebuddy/byte-buddy/1.9.3/byte-buddy-1.9.3.jar:/Users/uljana/.m2/repository/net/bytebuddy/byte-buddy-agent/1.9.3/byte-buddy-agent-1.9.3.jar:/Users/uljana/.m2/repository/org/objenesis/objenesis/2.6/objenesis-2.6.jar:"/>
    <property name="sun.cpu.endian" value="little"/>
    <property name="user.home" value="/Users/uljana"/>
    <property name="user.language" value="ru"/>
    <property name="java.specification.vendor" value="Oracle Corporation"/>
    <property name="java.version.date" value="2024-07-16"/>
    <property name="java.home" value="/Users/uljana/Library/Java/JavaVirtualMachines/corretto-21.0.4/Contents/Home"/>
    <property name="file.separator" value="/"/>
    <property name="basedir" value="/Users/uljana/Desktop/Diplom_Irina_Popkova_39/Diplom_1"/>
    <property name="java.vm.compressedOopsMode" value="Zero based"/>
    <property name="line.separator" value="&#10;"/>
    <property name="java.vm.specification.vendor" value="Oracle Corporation"/>
    <property name="java.specification.name" value="Java Platform API Specification"/>
    <property name="apple.awt.application.name" value="ForkedBooter"/>
    <property name="surefire.real.class.path" value="/Users/uljana/Desktop/Diplom_Irina_Popkova_39/Diplom_1/target/surefire/surefirebooter-20241120171626946_3.jar"/>
    <property name="sun.management.compiler" value="HotSpot 64-Bit Tiered Compilers"/>
    <property name="ftp.nonProxyHosts" value="local|*.local|169.254/16|*.169.254/16"/>
    <property name="java.runtime.version" value="21.0.4+7-LTS"/>
    <property name="user.name" value="uljana"/>
    <property name="stdout.encoding" value="UTF-8"/>
    <property name="path.separator" value=":"/>
    <property name="os.version" value="14.7"/>
    <property name="java.runtime.name" value="OpenJDK Runtime Environment"/>
    <property name="file.encoding" value="UTF-8"/>
    <property name="java.vm.name" value="OpenJDK 64-Bit Server VM"/>
    <property name="java.vendor.version" value="Corretto-21.0.4.7.1"/>
    <property name="localRepository" value="/Users/uljana/.m2/repository"/>
    <property name="java.vendor.url.bug" value="https://github.com/corretto/corretto-21/issues/"/>
    <property name="java.io.tmpdir" value="/var/folders/z2/ysr24x611672n_j_prtw5xkr0000gn/T/"/>
    <property name="idea.version" value="2024.2.3"/>
    <property name="java.version" value="21.0.4"/>
    <property name="user.dir" value="/Users/uljana/Desktop/Diplom_Irina_Popkova_39/Diplom_1"/>
    <property name="os.arch" value="aarch64"/>
    <property name="java.vm.specification.name" value="Java Virtual Machine Specification"/>
    <property name="native.encoding" value="UTF-8"/>
    <property name="java.library.path" value="/Users/uljana/Library/Java/Extensions:/Library/Java/Extensions:/Network/Library/Java/Extensions:/System/Library/Java/Extensions:/usr/lib/java:."/>
    <property name="java.vm.info" value="mixed mode, sharing"/>
    <property name="stderr.encoding" value="UTF-8"/>
    <property name="java.vendor" value="Amazon.com Inc."/>
    <property name="java.vm.version" value="21.0.4+7-LTS"/>
    <property name="sun.io.unicode.encoding" value="UnicodeBig"/>
    <property name="socksNonProxyHosts" value="local|*.local|169.254/16|*.169.254/16"/>
    <property name="java.class.version" value="65.0"/>
  </properties>
  <testcase name="checkAvailableBuns" classname="praktikum.DatabaseTests" time="0.0"/>
  <testcase name="checkAvailableIngredients" classname="praktikum.DatabaseTests" time="0.0"/>
</testsuite>